This file contains any messages produced by compilers while
running configure, to aid debugging if configure makes a mistake.

It was created by obliczanie configure 0.1, which was
generated by GNU Autoconf 2.69.  Invocation command line was

  $ ./configure 

## --------- ##
## Platform. ##
## --------- ##

hostname = ubuntu
uname -m = i686
uname -r = 4.15.0-64-generic
uname -s = Linux
uname -v = #73-Ubuntu SMP Thu Sep 12 13:15:53 UTC 2019

/usr/bin/uname -p = unknown
/bin/uname -X     = unknown

/bin/arch              = unknown
/usr/bin/arch -k       = unknown
/usr/convex/getsysinfo = unknown
/usr/bin/hostinfo      = unknown
/bin/machine           = unknown
/usr/bin/oslevel       = unknown
/bin/universe          = unknown

PATH: /usr/local/sbin
PATH: /usr/local/bin
PATH: /usr/sbin
PATH: /usr/bin
PATH: /sbin
PATH: /bin
PATH: /usr/games
PATH: /usr/local/games
PATH: /snap/bin


## ----------- ##
## Core tests. ##
## ----------- ##

configure:2311: checking for a BSD-compatible install
configure:2379: result: /usr/bin/install -c
configure:2390: checking whether build environment is sane
configure:2445: result: yes
configure:2596: checking for a thread-safe mkdir -p
configure:2635: result: /bin/mkdir -p
configure:2642: checking for gawk
configure:2658: found /usr/bin/gawk
configure:2669: result: gawk
configure:2680: checking whether make sets $(MAKE)
configure:2702: result: yes
configure:2731: checking whether make supports nested variables
configure:2748: result: yes
configure:2940: checking for g++
configure:2956: found /usr/bin/g++
configure:2967: result: g++
configure:2994: checking for C++ compiler version
configure:3003: g++ --version >&5
g++ (Ubuntu 7.4.0-1ubuntu1~18.04.1) 7.4.0
Copyright (C) 2017 Free Software Foundation, Inc.
This is free software; see the source for copying conditions.  There is NO
warranty; not even for MERCHANTABILITY or FITNESS FOR A PARTICULAR PURPOSE.

configure:3014: $? = 0
configure:3003: g++ -v >&5
Using built-in specs.
COLLECT_GCC=g++
COLLECT_LTO_WRAPPER=/usr/lib/gcc/i686-linux-gnu/7/lto-wrapper
Target: i686-linux-gnu
Configured with: ../src/configure -v --with-pkgversion='Ubuntu 7.4.0-1ubuntu1~18.04.1' --with-bugurl=file:///usr/share/doc/gcc-7/README.Bugs --enable-languages=c,ada,c++,go,brig,d,fortran,objc,obj-c++ --prefix=/usr --with-gcc-major-version-only --program-suffix=-7 --program-prefix=i686-linux-gnu- --enable-shared --enable-linker-build-id --libexecdir=/usr/lib --without-included-gettext --enable-threads=posix --libdir=/usr/lib --enable-nls --with-sysroot=/ --enable-clocale=gnu --enable-libstdcxx-debug --enable-libstdcxx-time=yes --with-default-libstdcxx-abi=new --enable-gnu-unique-object --disable-vtable-verify --enable-libmpx --enable-plugin --enable-default-pie --with-system-zlib --with-target-system-zlib --enable-objc-gc=auto --enable-targets=all --enable-multiarch --disable-werror --with-arch-32=i686 --with-multilib-list=m32,m64,mx32 --enable-multilib --with-tune=generic --enable-checking=release --build=i686-linux-gnu --host=i686-linux-gnu --target=i686-linux-gnu
Thread model: posix
gcc version 7.4.0 (Ubuntu 7.4.0-1ubuntu1~18.04.1) 
configure:3014: $? = 0
configure:3003: g++ -V >&5
g++: error: unrecognized command line option '-V'
g++: fatal error: no input files
compilation terminated.
configure:3014: $? = 1
configure:3003: g++ -qversion >&5
g++: error: unrecognized command line option '-qversion'; did you mean '--version'?
g++: fatal error: no input files
compilation terminated.
configure:3014: $? = 1
configure:3034: checking whether the C++ compiler works
configure:3056: g++    conftest.cpp  >&5
configure:3060: $? = 0
configure:3108: result: yes
configure:3111: checking for C++ compiler default output file name
configure:3113: result: a.out
configure:3119: checking for suffix of executables
configure:3126: g++ -o conftest    conftest.cpp  >&5
configure:3130: $? = 0
configure:3152: result: 
configure:3174: checking whether we are cross compiling
configure:3182: g++ -o conftest    conftest.cpp  >&5
configure:3186: $? = 0
configure:3193: ./conftest
configure:3197: $? = 0
configure:3212: result: no
configure:3217: checking for suffix of object files
configure:3239: g++ -c   conftest.cpp >&5
configure:3243: $? = 0
configure:3264: result: o
configure:3268: checking whether we are using the GNU C++ compiler
configure:3287: g++ -c   conftest.cpp >&5
configure:3287: $? = 0
configure:3296: result: yes
configure:3305: checking whether g++ accepts -g
configure:3325: g++ -c -g  conftest.cpp >&5
configure:3325: $? = 0
configure:3366: result: yes
configure:3400: checking for style of include used by make
configure:3428: result: GNU
configure:3454: checking dependency style of g++
configure:3565: result: gcc3
configure:3610: checking build system type
configure:3624: result: i686-pc-linux-gnu
configure:3644: checking host system type
configure:3657: result: i686-pc-linux-gnu
configure:3698: checking how to print strings
configure:3725: result: printf
configure:3794: checking for gcc
configure:3810: found /usr/bin/gcc
configure:3821: result: gcc
configure:4050: checking for C compiler version
configure:4059: gcc --version >&5
gcc (Ubuntu 7.4.0-1ubuntu1~18.04.1) 7.4.0
Copyright (C) 2017 Free Software Foundation, Inc.
This is free software; see the source for copying conditions.  There is NO
warranty; not even for MERCHANTABILITY or FITNESS FOR A PARTICULAR PURPOSE.

configure:4070: $? = 0
configure:4059: gcc -v >&5
Using built-in specs.
COLLECT_GCC=gcc
COLLECT_LTO_WRAPPER=/usr/lib/gcc/i686-linux-gnu/7/lto-wrapper
Target: i686-linux-gnu
Configured with: ../src/configure -v --with-pkgversion='Ubuntu 7.4.0-1ubuntu1~18.04.1' --with-bugurl=file:///usr/share/doc/gcc-7/README.Bugs --enable-languages=c,ada,c++,go,brig,d,fortran,objc,obj-c++ --prefix=/usr --with-gcc-major-version-only --program-suffix=-7 --program-prefix=i686-linux-gnu- --enable-shared --enable-linker-build-id --libexecdir=/usr/lib --without-included-gettext --enable-threads=posix --libdir=/usr/lib --enable-nls --with-sysroot=/ --enable-clocale=gnu --enable-libstdcxx-debug --enable-libstdcxx-time=yes --with-default-libstdcxx-abi=new --enable-gnu-unique-object --disable-vtable-verify --enable-libmpx --enable-plugin --enable-default-pie --with-system-zlib --with-target-system-zlib --enable-objc-gc=auto --enable-targets=all --enable-multiarch --disable-werror --with-arch-32=i686 --with-multilib-list=m32,m64,mx32 --enable-multilib --with-tune=generic --enable-checking=release --build=i686-linux-gnu --host=i686-linux-gnu --target=i686-linux-gnu
Thread model: posix
gcc version 7.4.0 (Ubuntu 7.4.0-1ubuntu1~18.04.1) 
configure:4070: $? = 0
configure:4059: gcc -V >&5
gcc: error: unrecognized command line option '-V'
gcc: fatal error: no input files
compilation terminated.
configure:4070: $? = 1
configure:4059: gcc -qversion >&5
gcc: error: unrecognized command line option '-qversion'; did you mean '--version'?
gcc: fatal error: no input files
compilation terminated.
configure:4070: $? = 1
configure:4074: checking whether we are using the GNU C compiler
configure:4093: gcc -c   conftest.c >&5
configure:4093: $? = 0
configure:4102: result: yes
configure:4111: checking whether gcc accepts -g
configure:4131: gcc -c -g  conftest.c >&5
configure:4131: $? = 0
configure:4172: result: yes
configure:4189: checking for gcc option to accept ISO C89
configure:4252: gcc  -c -g -O2  conftest.c >&5
configure:4252: $? = 0
configure:4265: result: none needed
configure:4290: checking whether gcc understands -c and -o together
configure:4312: gcc -c conftest.c -o conftest2.o
configure:4315: $? = 0
configure:4312: gcc -c conftest.c -o conftest2.o
configure:4315: $? = 0
configure:4327: result: yes
configure:4346: checking dependency style of gcc
configure:4457: result: gcc3
configure:4472: checking for a sed that does not truncate output
configure:4536: result: /bin/sed
configure:4554: checking for grep that handles long lines and -e
configure:4612: result: /bin/grep
configure:4617: checking for egrep
configure:4679: result: /bin/grep -E
configure:4684: checking for fgrep
configure:4746: result: /bin/grep -F
configure:4781: checking for ld used by gcc
configure:4848: result: /usr/bin/ld
configure:4855: checking if the linker (/usr/bin/ld) is GNU ld
configure:4870: result: yes
configure:4882: checking for BSD- or MS-compatible name lister (nm)
configure:4936: result: /usr/bin/nm -B
configure:5066: checking the name lister (/usr/bin/nm -B) interface
configure:5073: g++ -c -g -O2  conftest.cpp >&5
configure:5076: /usr/bin/nm -B "conftest.o"
configure:5079: output
00000000 B some_variable
configure:5086: result: BSD nm
configure:5089: checking whether ln -s works
configure:5093: result: yes
configure:5101: checking the maximum length of command line arguments
configure:5232: result: 1572864
configure:5280: checking how to convert i686-pc-linux-gnu file names to i686-pc-linux-gnu format
configure:5320: result: func_convert_file_noop
configure:5327: checking how to convert i686-pc-linux-gnu file names to toolchain format
configure:5347: result: func_convert_file_noop
configure:5354: checking for /usr/bin/ld option to reload object files
configure:5361: result: -r
configure:5435: checking for objdump
configure:5451: found /usr/bin/objdump
configure:5462: result: objdump
configure:5494: checking how to recognize dependent libraries
configure:5694: result: pass_all
configure:5779: checking for dlltool
configure:5809: result: no
configure:5839: checking how to associate runtime and link libraries
configure:5866: result: printf %s\n
configure:5927: checking for ar
configure:5943: found /usr/bin/ar
configure:5954: result: ar
configure:5991: checking for archiver @FILE support
configure:6008: g++ -c -g -O2  conftest.cpp >&5
configure:6008: $? = 0
configure:6011: ar cru libconftest.a @conftest.lst >&5
ar: `u' modifier ignored since `D' is the default (see `U')
configure:6014: $? = 0
configure:6019: ar cru libconftest.a @conftest.lst >&5
ar: `u' modifier ignored since `D' is the default (see `U')
ar: conftest.o: No such file or directory
configure:6022: $? = 1
configure:6034: result: @
configure:6092: checking for strip
configure:6108: found /usr/bin/strip
configure:6119: result: strip
configure:6191: checking for ranlib
configure:6207: found /usr/bin/ranlib
configure:6218: result: ranlib
configure:6320: checking command to parse /usr/bin/nm -B output from gcc object
configure:6473: g++ -c -g -O2  conftest.cpp >&5
configure:6476: $? = 0
configure:6480: /usr/bin/nm -B conftest.o \| sed -n -e 's/^.*[ ]\([ABCDGIRSTW][ABCDGIRSTW]*\)[ ][ ]*\([_A-Za-z][_A-Za-z0-9]*\)$/\1 \2 \2/p' | sed '/ __gnu_lto/d' \> conftest.nm
configure:6483: $? = 0
configure:6549: g++ -o conftest -g -O2   conftest.cpp conftstm.o >&5
configure:6552: $? = 0
configure:6590: result: ok
configure:6637: checking for sysroot
configure:6667: result: no
configure:6674: checking for a working dd
configure:6712: result: /bin/dd
configure:6716: checking how to truncate binary pipes
configure:6731: result: /bin/dd bs=4096 count=1
configure:7061: checking for mt
configure:7077: found /bin/mt
configure:7088: result: mt
configure:7111: checking if mt is a manifest tool
configure:7117: mt '-?'
configure:7125: result: no
configure:7802: checking how to run the C preprocessor
configure:7833: gcc -E  conftest.c
configure:7833: $? = 0
configure:7847: gcc -E  conftest.c
conftest.c:11:10: fatal error: ac_nonexistent.h: No such file or directory
 #include <ac_nonexistent.h>
          ^~~~~~~~~~~~~~~~~~
compilation terminated.
configure:7847: $? = 1
configure: failed program was:
| /* confdefs.h */
| #define PACKAGE_NAME "obliczanie"
| #define PACKAGE_TARNAME "obliczanie"
| #define PACKAGE_VERSION "0.1"
| #define PACKAGE_STRING "obliczanie 0.1"
| #define PACKAGE_BUGREPORT ""
| #define PACKAGE_URL ""
| #define PACKAGE "obliczanie"
| #define VERSION "0.1"
| /* end confdefs.h.  */
| #include <ac_nonexistent.h>
configure:7872: result: gcc -E
configure:7892: gcc -E  conftest.c
configure:7892: $? = 0
configure:7906: gcc -E  conftest.c
conftest.c:11:10: fatal error: ac_nonexistent.h: No such file or directory
 #include <ac_nonexistent.h>
          ^~~~~~~~~~~~~~~~~~
compilation terminated.
configure:7906: $? = 1
configure: failed program was:
| /* confdefs.h */
| #define PACKAGE_NAME "obliczanie"
| #define PACKAGE_TARNAME "obliczanie"
| #define PACKAGE_VERSION "0.1"
| #define PACKAGE_STRING "obliczanie 0.1"
| #define PACKAGE_BUGREPORT ""
| #define PACKAGE_URL ""
| #define PACKAGE "obliczanie"
| #define VERSION "0.1"
| /* end confdefs.h.  */
| #include <ac_nonexistent.h>
configure:7935: checking for ANSI C header files
configure:7955: gcc -c -g -O2  conftest.c >&5
configure:7955: $? = 0
configure:8028: gcc -o conftest -g -O2   conftest.c  >&5
configure:8028: $? = 0
configure:8028: ./conftest
configure:8028: $? = 0
configure:8039: result: yes
configure:8052: checking for sys/types.h
configure:8052: gcc -c -g -O2  conftest.c >&5
configure:8052: $? = 0
configure:8052: result: yes
configure:8052: checking for sys/stat.h
configure:8052: gcc -c -g -O2  conftest.c >&5
configure:8052: $? = 0
configure:8052: result: yes
configure:8052: checking for stdlib.h
configure:8052: gcc -c -g -O2  conftest.c >&5
configure:8052: $? = 0
configure:8052: result: yes
configure:8052: checking for string.h
configure:8052: gcc -c -g -O2  conftest.c >&5
configure:8052: $? = 0
configure:8052: result: yes
configure:8052: checking for memory.h
configure:8052: gcc -c -g -O2  conftest.c >&5
configure:8052: $? = 0
configure:8052: result: yes
configure:8052: checking for strings.h
configure:8052: gcc -c -g -O2  conftest.c >&5
configure:8052: $? = 0
configure:8052: result: yes
configure:8052: checking for inttypes.h
configure:8052: gcc -c -g -O2  conftest.c >&5
configure:8052: $? = 0
configure:8052: result: yes
configure:8052: checking for stdint.h
configure:8052: gcc -c -g -O2  conftest.c >&5
configure:8052: $? = 0
configure:8052: result: yes
configure:8052: checking for unistd.h
configure:8052: gcc -c -g -O2  conftest.c >&5
configure:8052: $? = 0
configure:8052: result: yes
configure:8066: checking for dlfcn.h
configure:8066: gcc -c -g -O2  conftest.c >&5
configure:8066: $? = 0
configure:8066: result: yes
configure:8332: checking for objdir
configure:8347: result: .libs
configure:8611: checking if gcc supports -fno-rtti -fno-exceptions
configure:8629: gcc -c -g -O2  -fno-rtti -fno-exceptions conftest.c >&5
cc1: warning: command line option '-fno-rtti' is valid for C++/ObjC++ but not for C
configure:8633: $? = 0
configure:8646: result: no
configure:9004: checking for gcc option to produce PIC
configure:9011: result: -fPIC -DPIC
configure:9019: checking if gcc PIC flag -fPIC -DPIC works
configure:9037: gcc -c -g -O2  -fPIC -DPIC -DPIC conftest.c >&5
configure:9041: $? = 0
configure:9054: result: yes
configure:9083: checking if gcc static flag -static works
configure:9111: result: yes
configure:9126: checking if gcc supports -c -o file.o
configure:9147: gcc -c -g -O2  -o out/conftest2.o conftest.c >&5
configure:9151: $? = 0
configure:9173: result: yes
configure:9181: checking if gcc supports -c -o file.o
configure:9228: result: yes
configure:9261: checking whether the gcc linker (/usr/bin/ld) supports shared libraries
configure:10524: result: yes
configure:10561: checking whether -lc should be explicitly linked in
configure:10569: gcc -c -g -O2  conftest.c >&5
configure:10572: $? = 0
configure:10587: gcc -shared  -fPIC -DPIC conftest.o  -v -Wl,-soname -Wl,conftest -o conftest 2\>\&1 \| /bin/grep  -lc  \>/dev/null 2\>\&1
configure:10590: $? = 0
configure:10604: result: no
configure:10764: checking dynamic linker characteristics
configure:11345: gcc -o conftest -g -O2   -Wl,-rpath -Wl,/foo conftest.c  >&5
configure:11345: $? = 0
configure:11594: result: GNU/Linux ld.so
configure:11716: checking how to hardcode library paths into programs
configure:11741: result: immediate
configure:12289: checking whether stripping libraries is possible
configure:12294: result: yes
configure:12329: checking if libtool supports shared libraries
configure:12331: result: yes
configure:12334: checking whether to build shared libraries
configure:12359: result: yes
configure:12362: checking whether to build static libraries
configure:12366: result: yes
configure:12389: checking how to run the C++ preprocessor
configure:12416: g++ -E  conftest.cpp
configure:12416: $? = 0
configure:12430: g++ -E  conftest.cpp
conftest.cpp:23:10: fatal error: ac_nonexistent.h: No such file or directory
 #include <ac_nonexistent.h>
          ^~~~~~~~~~~~~~~~~~
compilation terminated.
configure:12430: $? = 1
configure: failed program was:
| /* confdefs.h */
| #define PACKAGE_NAME "obliczanie"
| #define PACKAGE_TARNAME "obliczanie"
| #define PACKAGE_VERSION "0.1"
| #define PACKAGE_STRING "obliczanie 0.1"
| #define PACKAGE_BUGREPORT ""
| #define PACKAGE_URL ""
| #define PACKAGE "obliczanie"
| #define VERSION "0.1"
| #define STDC_HEADERS 1
| #define HAVE_SYS_TYPES_H 1
| #define HAVE_SYS_STAT_H 1
| #define HAVE_STDLIB_H 1
| #define HAVE_STRING_H 1
| #define HAVE_MEMORY_H 1
| #define HAVE_STRINGS_H 1
| #define HAVE_INTTYPES_H 1
| #define HAVE_STDINT_H 1
| #define HAVE_UNISTD_H 1
| #define HAVE_DLFCN_H 1
| #define LT_OBJDIR ".libs/"
| /* end confdefs.h.  */
| #include <ac_nonexistent.h>
configure:12455: result: g++ -E
configure:12475: g++ -E  conftest.cpp
configure:12475: $? = 0
configure:12489: g++ -E  conftest.cpp
conftest.cpp:23:10: fatal error: ac_nonexistent.h: No such file or directory
 #include <ac_nonexistent.h>
          ^~~~~~~~~~~~~~~~~~
compilation terminated.
configure:12489: $? = 1
configure: failed program was:
| /* confdefs.h */
| #define PACKAGE_NAME "obliczanie"
| #define PACKAGE_TARNAME "obliczanie"
| #define PACKAGE_VERSION "0.1"
| #define PACKAGE_STRING "obliczanie 0.1"
| #define PACKAGE_BUGREPORT ""
| #define PACKAGE_URL ""
| #define PACKAGE "obliczanie"
| #define VERSION "0.1"
| #define STDC_HEADERS 1
| #define HAVE_SYS_TYPES_H 1
| #define HAVE_SYS_STAT_H 1
| #define HAVE_STDLIB_H 1
| #define HAVE_STRING_H 1
| #define HAVE_MEMORY_H 1
| #define HAVE_STRINGS_H 1
| #define HAVE_INTTYPES_H 1
| #define HAVE_STDINT_H 1
| #define HAVE_UNISTD_H 1
| #define HAVE_DLFCN_H 1
| #define LT_OBJDIR ".libs/"
| /* end confdefs.h.  */
| #include <ac_nonexistent.h>
configure:12651: checking for ld used by g++
configure:12718: result: /usr/bin/ld
configure:12725: checking if the linker (/usr/bin/ld) is GNU ld
configure:12740: result: yes
configure:12795: checking whether the g++ linker (/usr/bin/ld) supports shared libraries
configure:13868: result: yes
configure:13904: g++ -c -g -O2  conftest.cpp >&5
configure:13907: $? = 0
configure:14388: checking for g++ option to produce PIC
configure:14395: result: -fPIC -DPIC
configure:14403: checking if g++ PIC flag -fPIC -DPIC works
configure:14421: g++ -c -g -O2  -fPIC -DPIC -DPIC conftest.cpp >&5
configure:14425: $? = 0
configure:14438: result: yes
configure:14461: checking if g++ static flag -static works
configure:14489: result: yes
configure:14501: checking if g++ supports -c -o file.o
configure:14522: g++ -c -g -O2  -o out/conftest2.o conftest.cpp >&5
configure:14526: $? = 0
configure:14548: result: yes
configure:14553: checking if g++ supports -c -o file.o
configure:14600: result: yes
configure:14630: checking whether the g++ linker (/usr/bin/ld) supports shared libraries
configure:14673: result: yes
configure:14814: checking dynamic linker characteristics
configure:15571: result: GNU/Linux ld.so
configure:15636: checking how to hardcode library paths into programs
configure:15661: result: immediate
configure:15873: checking that generated files are newer than configure
configure:15879: result: done
configure:15906: creating ./config.status

## ---------------------- ##
## Running config.status. ##
## ---------------------- ##

This file was extended by obliczanie config.status 0.1, which was
generated by GNU Autoconf 2.69.  Invocation command line was

  CONFIG_FILES    = 
  CONFIG_HEADERS  = 
  CONFIG_LINKS    = 
  CONFIG_COMMANDS = 
  $ ./config.status 

on ubuntu

config.status:1071: creating Makefile
config.status:1071: creating include/Makefile
config.status:1071: creating src/Makefile
config.status:1243: executing depfiles commands
config.status:1243: executing libtool commands

## ---------------- ##
## Cache variables. ##
## ---------------- ##

ac_cv_build=i686-pc-linux-gnu
ac_cv_c_compiler_gnu=yes
ac_cv_cxx_compiler_gnu=yes
ac_cv_env_CCC_set=
ac_cv_env_CCC_value=
ac_cv_env_CC_set=
ac_cv_env_CC_value=
ac_cv_env_CFLAGS_set=
ac_cv_env_CFLAGS_value=
ac_cv_env_CPPFLAGS_set=
ac_cv_env_CPPFLAGS_value=
ac_cv_env_CPP_set=
ac_cv_env_CPP_value=
ac_cv_env_CXXCPP_set=
ac_cv_env_CXXCPP_value=
ac_cv_env_CXXFLAGS_set=
ac_cv_env_CXXFLAGS_value=
ac_cv_env_CXX_set=
ac_cv_env_CXX_value=
ac_cv_env_LDFLAGS_set=
ac_cv_env_LDFLAGS_value=
ac_cv_env_LIBS_set=
ac_cv_env_LIBS_value=
ac_cv_env_LT_SYS_LIBRARY_PATH_set=
ac_cv_env_LT_SYS_LIBRARY_PATH_value=
ac_cv_env_build_alias_set=
ac_cv_env_build_alias_value=
ac_cv_env_host_alias_set=
ac_cv_env_host_alias_value=
ac_cv_env_target_alias_set=
ac_cv_env_target_alias_value=
ac_cv_header_dlfcn_h=yes
ac_cv_header_inttypes_h=yes
ac_cv_header_memory_h=yes
ac_cv_header_stdc=yes
ac_cv_header_stdint_h=yes
ac_cv_header_stdlib_h=yes
ac_cv_header_string_h=yes
ac_cv_header_strings_h=yes
ac_cv_header_sys_stat_h=yes
ac_cv_header_sys_types_h=yes
ac_cv_header_unistd_h=yes
ac_cv_host=i686-pc-linux-gnu
ac_cv_objext=o
ac_cv_path_EGREP='/bin/grep -E'
ac_cv_path_FGREP='/bin/grep -F'
ac_cv_path_GREP=/bin/grep
ac_cv_path_SED=/bin/sed
ac_cv_path_install='/usr/bin/install -c'
ac_cv_path_lt_DD=/bin/dd
ac_cv_path_mkdir=/bin/mkdir
ac_cv_prog_AWK=gawk
ac_cv_prog_CPP='gcc -E'
ac_cv_prog_CXXCPP='g++ -E'
ac_cv_prog_ac_ct_AR=ar
ac_cv_prog_ac_ct_CC=gcc
ac_cv_prog_ac_ct_CXX=g++
ac_cv_prog_ac_ct_MANIFEST_TOOL=mt
ac_cv_prog_ac_ct_OBJDUMP=objdump
ac_cv_prog_ac_ct_RANLIB=ranlib
ac_cv_prog_ac_ct_STRIP=strip
ac_cv_prog_cc_c89=
ac_cv_prog_cc_g=yes
ac_cv_prog_cxx_g=yes
ac_cv_prog_make_make_set=yes
am_cv_CC_dependencies_compiler_type=gcc3
am_cv_CXX_dependencies_compiler_type=gcc3
am_cv_make_support_nested_variables=yes
am_cv_prog_cc_c_o=yes
lt_cv_ar_at_file=@
lt_cv_archive_cmds_need_lc=no
lt_cv_deplibs_check_method=pass_all
lt_cv_file_magic_cmd='$MAGIC_CMD'
lt_cv_file_magic_test_file=
lt_cv_ld_reload_flag=-r
lt_cv_nm_interface='BSD nm'
lt_cv_objdir=.libs
lt_cv_path_LD=/usr/bin/ld
lt_cv_path_LDCXX=/usr/bin/ld
lt_cv_path_NM='/usr/bin/nm -B'
lt_cv_path_mainfest_tool=no
lt_cv_prog_compiler_c_o=yes
lt_cv_prog_compiler_c_o_CXX=yes
lt_cv_prog_compiler_pic='-fPIC -DPIC'
lt_cv_prog_compiler_pic_CXX='-fPIC -DPIC'
lt_cv_prog_compiler_pic_works=yes
lt_cv_prog_compiler_pic_works_CXX=yes
lt_cv_prog_compiler_rtti_exceptions=no
lt_cv_prog_compiler_static_works=yes
lt_cv_prog_compiler_static_works_CXX=yes
lt_cv_prog_gnu_ld=yes
lt_cv_prog_gnu_ldcxx=yes
lt_cv_sharedlib_from_linklib_cmd='printf %s\n'
lt_cv_shlibpath_overrides_runpath=yes
lt_cv_sys_global_symbol_pipe='sed -n -e '\''s/^.*[	 ]\([ABCDGIRSTW][ABCDGIRSTW]*\)[	 ][	 ]*\([_A-Za-z][_A-Za-z0-9]*\)$/\1 \2 \2/p'\'' | sed '\''/ __gnu_lto/d'\'''
lt_cv_sys_global_symbol_to_c_name_address='sed -n -e '\''s/^: \(.*\) .*$/  {"\1", (void *) 0},/p'\'' -e '\''s/^[ABCDGIRSTW][ABCDGIRSTW]* .* \(.*\)$/  {"\1", (void *) \&\1},/p'\'''
lt_cv_sys_global_symbol_to_c_name_address_lib_prefix='sed -n -e '\''s/^: \(.*\) .*$/  {"\1", (void *) 0},/p'\'' -e '\''s/^[ABCDGIRSTW][ABCDGIRSTW]* .* \(lib.*\)$/  {"\1", (void *) \&\1},/p'\'' -e '\''s/^[ABCDGIRSTW][ABCDGIRSTW]* .* \(.*\)$/  {"lib\1", (void *) \&\1},/p'\'''
lt_cv_sys_global_symbol_to_cdecl='sed -n -e '\''s/^T .* \(.*\)$/extern int \1();/p'\'' -e '\''s/^[ABCDGIRSTW][ABCDGIRSTW]* .* \(.*\)$/extern char \1;/p'\'''
lt_cv_sys_global_symbol_to_import=
lt_cv_sys_max_cmd_len=1572864
lt_cv_to_host_file_cmd=func_convert_file_noop
lt_cv_to_tool_file_cmd=func_convert_file_noop
lt_cv_truncate_bin='/bin/dd bs=4096 count=1'

## ----------------- ##
## Output variables. ##
## ----------------- ##

ACLOCAL='${SHELL} /home/student/zadanie2/missing aclocal-1.15'
AMDEPBACKSLASH='\'
AMDEP_FALSE='#'
AMDEP_TRUE=''
AMTAR='$${TAR-tar}'
AM_BACKSLASH='\'
AM_DEFAULT_V='$(AM_DEFAULT_VERBOSITY)'
AM_DEFAULT_VERBOSITY='1'
AM_V='$(V)'
AR='ar'
AUTOCONF='${SHELL} /home/student/zadanie2/missing autoconf'
AUTOHEADER='${SHELL} /home/student/zadanie2/missing autoheader'
AUTOMAKE='${SHELL} /home/student/zadanie2/missing automake-1.15'
AWK='gawk'
CC='gcc'
CCDEPMODE='depmode=gcc3'
CFLAGS='-g -O2'
CPP='gcc -E'
CPPFLAGS=''
CXX='g++'
CXXCPP='g++ -E'
CXXDEPMODE='depmode=gcc3'
CXXFLAGS='-g -O2'
CYGPATH_W='echo'
DEFS='-DPACKAGE_NAME=\"obliczanie\" -DPACKAGE_TARNAME=\"obliczanie\" -DPACKAGE_VERSION=\"0.1\" -DPACKAGE_STRING=\"obliczanie\ 0.1\" -DPACKAGE_BUGREPORT=\"\" -DPACKAGE_URL=\"\" -DPACKAGE=\"obliczanie\" -DVERSION=\"0.1\" -DSTDC_HEADERS=1 -DHAVE_SYS_TYPES_H=1 -DHAVE_SYS_STAT_H=1 -DHAVE_STDLIB_H=1 -DHAVE_STRING_H=1 -DHAVE_MEMORY_H=1 -DHAVE_STRINGS_H=1 -DHAVE_INTTYPES_H=1 -DHAVE_STDINT_H=1 -DHAVE_UNISTD_H=1 -DHAVE_DLFCN_H=1 -DLT_OBJDIR=\".libs/\"'
DEPDIR='.deps'
DLLTOOL='false'
DSYMUTIL=''
DUMPBIN=''
ECHO_C=''
ECHO_N='-n'
ECHO_T=''
EGREP='/bin/grep -E'
EXEEXT=''
FGREP='/bin/grep -F'
GREP='/bin/grep'
INSTALL_DATA='${INSTALL} -m 644'
INSTALL_PROGRAM='${INSTALL}'
INSTALL_SCRIPT='${INSTALL}'
INSTALL_STRIP_PROGRAM='$(install_sh) -c -s'
LD='/usr/bin/ld'
LDFLAGS=''
LIBOBJS=''
LIBS=''
LIBTOOL='$(SHELL) $(top_builddir)/libtool'
LIPO=''
LN_S='ln -s'
LTLIBOBJS=''
LT_SYS_LIBRARY_PATH=''
MAKEINFO='${SHELL} /home/student/zadanie2/missing makeinfo'
MANIFEST_TOOL=':'
MKDIR_P='/bin/mkdir -p'
NM='/usr/bin/nm -B'
NMEDIT=''
OBJDUMP='objdump'
OBJEXT='o'
OTOOL64=''
OTOOL=''
PACKAGE='obliczanie'
PACKAGE_BUGREPORT=''
PACKAGE_NAME='obliczanie'
PACKAGE_STRING='obliczanie 0.1'
PACKAGE_TARNAME='obliczanie'
PACKAGE_URL=''
PACKAGE_VERSION='0.1'
PATH_SEPARATOR=':'
RANLIB='ranlib'
SED='/bin/sed'
SET_MAKE=''
SHELL='/bin/bash'
STRIP='strip'
VERSION='0.1'
ac_ct_AR='ar'
ac_ct_CC='gcc'
ac_ct_CXX='g++'
ac_ct_DUMPBIN=''
am__EXEEXT_FALSE=''
am__EXEEXT_TRUE='#'
am__fastdepCC_FALSE='#'
am__fastdepCC_TRUE=''
am__fastdepCXX_FALSE='#'
am__fastdepCXX_TRUE=''
am__include='include'
am__isrc=''
am__leading_dot='.'
am__nodep='_no'
am__quote=''
am__tar='$${TAR-tar} chof - "$$tardir"'
am__untar='$${TAR-tar} xf -'
bindir='${exec_prefix}/bin'
build='i686-pc-linux-gnu'
build_alias=''
build_cpu='i686'
build_os='linux-gnu'
build_vendor='pc'
datadir='${datarootdir}'
datarootdir='${prefix}/share'
docdir='${datarootdir}/doc/${PACKAGE_TARNAME}'
dvidir='${docdir}'
exec_prefix='${prefix}'
host='i686-pc-linux-gnu'
host_alias=''
host_cpu='i686'
host_os='linux-gnu'
host_vendor='pc'
htmldir='${docdir}'
includedir='${prefix}/include'
infodir='${datarootdir}/info'
install_sh='${SHELL} /home/student/zadanie2/install-sh'
libdir='${exec_prefix}/lib'
libexecdir='${exec_prefix}/libexec'
localedir='${datarootdir}/locale'
localstatedir='${prefix}/var'
mandir='${datarootdir}/man'
mkdir_p='$(MKDIR_P)'
oldincludedir='/usr/include'
pdfdir='${docdir}'
prefix='/usr/local'
program_transform_name='s,x,x,'
psdir='${docdir}'
runstatedir='${localstatedir}/run'
sbindir='${exec_prefix}/sbin'
sharedstatedir='${prefix}/com'
sysconfdir='${prefix}/etc'
target_alias=''

## ----------- ##
## confdefs.h. ##
## ----------- ##

/* confdefs.h */
#define PACKAGE_NAME "obliczanie"
#define PACKAGE_TARNAME "obliczanie"
#define PACKAGE_VERSION "0.1"
#define PACKAGE_STRING "obliczanie 0.1"
#define PACKAGE_BUGREPORT ""
#define PACKAGE_URL ""
#define PACKAGE "obliczanie"
#define VERSION "0.1"
#define STDC_HEADERS 1
#define HAVE_SYS_TYPES_H 1
#define HAVE_SYS_STAT_H 1
#define HAVE_STDLIB_H 1
#define HAVE_STRING_H 1
#define HAVE_MEMORY_H 1
#define HAVE_STRINGS_H 1
#define HAVE_INTTYPES_H 1
#define HAVE_STDINT_H 1
#define HAVE_UNISTD_H 1
#define HAVE_DLFCN_H 1
#define LT_OBJDIR ".libs/"

configure: exit 0
